<?xml version="1.0" encoding="UTF-8"?>
<coverage generated="1544048217664" clover="3.2.0">
  <project timestamp="1544048217664" name="All files">
    <metrics statements="184" coveredstatements="167" conditionals="39" coveredconditionals="33" methods="52" coveredmethods="47" elements="275" coveredelements="247" complexity="0" loc="184" ncloc="184" packages="5" files="5" classes="5">
      <package name="day01">
        <metrics statements="18" coveredstatements="15" conditionals="4" coveredconditionals="3" methods="6" coveredmethods="5"/>
        <file name="solve.js" path="/home/willis/Dropbox/Willis/DevProjects/adventofcode/2018/day01/solve.js">
          <metrics statements="18" coveredstatements="15" conditionals="4" coveredconditionals="3" methods="6" coveredmethods="5"/>
          <line num="1" count="1" type="stmt"/>
          <line num="3" count="1" type="stmt"/>
          <line num="7" count="1030" type="stmt"/>
          <line num="8" count="1030" type="stmt"/>
          <line num="11" count="1038" type="stmt"/>
          <line num="15" count="5" type="stmt"/>
          <line num="16" count="5" type="stmt"/>
          <line num="18" count="5" type="stmt"/>
          <line num="19" count="147" type="stmt"/>
          <line num="20" count="141241" type="stmt"/>
          <line num="21" count="141241" type="stmt"/>
          <line num="22" count="141241" type="cond" truecount="2" falsecount="0"/>
          <line num="23" count="5" type="stmt"/>
          <line num="30" count="0" type="stmt"/>
          <line num="31" count="0" type="stmt"/>
          <line num="34" count="1" type="cond" truecount="1" falsecount="1"/>
          <line num="35" count="0" type="stmt"/>
          <line num="38" count="1" type="stmt"/>
        </file>
      </package>
      <package name="day02">
        <metrics statements="39" coveredstatements="34" conditionals="12" coveredconditionals="10" methods="13" coveredmethods="12"/>
        <file name="solve.js" path="/home/willis/Dropbox/Willis/DevProjects/adventofcode/2018/day02/solve.js">
          <metrics statements="39" coveredstatements="34" conditionals="12" coveredconditionals="10" methods="13" coveredmethods="12"/>
          <line num="1" count="1" type="stmt"/>
          <line num="3" count="1" type="stmt"/>
          <line num="7" count="251" type="stmt"/>
          <line num="8" count="251" type="stmt"/>
          <line num="11" count="257" type="stmt"/>
          <line num="12" count="6542" type="cond" truecount="2" falsecount="0"/>
          <line num="13" count="6542" type="stmt"/>
          <line num="15" count="257" type="stmt"/>
          <line num="22" count="2" type="stmt"/>
          <line num="23" count="2" type="stmt"/>
          <line num="24" count="257" type="stmt"/>
          <line num="25" count="257" type="stmt"/>
          <line num="26" count="257" type="stmt"/>
          <line num="28" count="2" type="stmt"/>
          <line num="32" count="31146" type="cond" truecount="1" falsecount="1"/>
          <line num="33" count="0" type="stmt"/>
          <line num="34" count="0" type="stmt"/>
          <line num="36" count="31146" type="stmt"/>
          <line num="37" count="31146" type="stmt"/>
          <line num="38" count="809355" type="cond" truecount="2" falsecount="0"/>
          <line num="39" count="175709" type="stmt"/>
          <line num="42" count="31146" type="stmt"/>
          <line num="45" count="1" type="stmt"/>
          <line num="46" count="2" type="stmt"/>
          <line num="47" count="31146" type="stmt"/>
          <line num="52" count="2" type="stmt"/>
          <line num="53" count="2" type="stmt"/>
          <line num="54" count="31146" type="cond" truecount="2" falsecount="0"/>
          <line num="55" count="2" type="stmt"/>
          <line num="58" count="2" type="stmt"/>
          <line num="59" count="2" type="stmt"/>
          <line num="60" count="31" type="cond" truecount="2" falsecount="0"/>
          <line num="61" count="29" type="stmt"/>
          <line num="64" count="2" type="stmt"/>
          <line num="68" count="0" type="stmt"/>
          <line num="69" count="0" type="stmt"/>
          <line num="72" count="1" type="cond" truecount="1" falsecount="1"/>
          <line num="73" count="0" type="stmt"/>
          <line num="76" count="1" type="stmt"/>
        </file>
      </package>
      <package name="day03">
        <metrics statements="33" coveredstatements="30" conditionals="6" coveredconditionals="5" methods="7" coveredmethods="6"/>
        <file name="solve.js" path="/home/willis/Dropbox/Willis/DevProjects/adventofcode/2018/day03/solve.js">
          <metrics statements="33" coveredstatements="30" conditionals="6" coveredconditionals="5" methods="7" coveredmethods="6"/>
          <line num="1" count="1" type="stmt"/>
          <line num="3" count="1" type="stmt"/>
          <line num="7" count="1386" type="stmt"/>
          <line num="8" count="1386" type="stmt"/>
          <line num="13" count="2" type="stmt"/>
          <line num="15" count="2" type="stmt"/>
          <line num="16" count="1388" type="stmt"/>
          <line num="17" count="1388" type="stmt"/>
          <line num="21" count="1388" type="stmt"/>
          <line num="22" count="1388" type="stmt"/>
          <line num="23" count="26312" type="stmt"/>
          <line num="24" count="509735" type="cond" truecount="2" falsecount="0"/>
          <line num="28" count="356370" type="stmt"/>
          <line num="32" count="2" type="stmt"/>
          <line num="33" count="2" type="stmt"/>
          <line num="35" count="2" type="stmt"/>
          <line num="36" count="1388" type="stmt"/>
          <line num="37" count="1388" type="stmt"/>
          <line num="41" count="1388" type="stmt"/>
          <line num="42" count="1388" type="stmt"/>
          <line num="43" count="1388" type="stmt"/>
          <line num="44" count="26312" type="stmt"/>
          <line num="45" count="509735" type="cond" truecount="2" falsecount="0"/>
          <line num="46" count="153365" type="stmt"/>
          <line num="47" count="153365" type="stmt"/>
          <line num="49" count="509735" type="stmt"/>
          <line num="53" count="2" type="stmt"/>
          <line num="55" count="1388" type="stmt"/>
          <line num="63" count="0" type="stmt"/>
          <line num="64" count="0" type="stmt"/>
          <line num="67" count="1" type="cond" truecount="1" falsecount="1"/>
          <line num="68" count="0" type="stmt"/>
          <line num="71" count="1" type="stmt"/>
        </file>
      </package>
      <package name="day04">
        <metrics statements="62" coveredstatements="59" conditionals="13" coveredconditionals="12" methods="17" coveredmethods="16"/>
        <file name="solve.js" path="/home/willis/Dropbox/Willis/DevProjects/adventofcode/2018/day04/solve.js">
          <metrics statements="62" coveredstatements="59" conditionals="13" coveredconditionals="12" methods="17" coveredmethods="16"/>
          <line num="1" count="1" type="stmt"/>
          <line num="3" count="1" type="stmt"/>
          <line num="7" count="1130" type="stmt"/>
          <line num="8" count="1130" type="stmt"/>
          <line num="11" count="404711" type="stmt"/>
          <line num="15" count="852" type="stmt"/>
          <line num="16" count="852" type="stmt"/>
          <line num="17" count="13300" type="stmt"/>
          <line num="19" count="852" type="stmt"/>
          <line num="23" count="4" type="stmt"/>
          <line num="24" count="11146" type="stmt"/>
          <line num="26" count="4" type="stmt"/>
          <line num="30" count="4" type="stmt"/>
          <line num="32" count="4" type="stmt"/>
          <line num="34" count="4" type="stmt"/>
          <line num="36" count="4" type="stmt"/>
          <line num="38" count="4" type="stmt"/>
          <line num="39" count="2292" type="stmt"/>
          <line num="40" count="2292" type="stmt"/>
          <line num="41" count="2292" type="stmt"/>
          <line num="42" count="2292" type="stmt"/>
          <line num="44" count="2292" type="cond" truecount="3" falsecount="0"/>
          <line num="46" count="588" type="stmt"/>
          <line num="47" count="588" type="cond" truecount="2" falsecount="0"/>
          <line num="49" count="558" type="cond" truecount="2" falsecount="0"/>
          <line num="51" count="508" type="stmt"/>
          <line num="52" count="508" type="stmt"/>
          <line num="54" count="50" type="cond" truecount="2" falsecount="0"/>
          <line num="55" count="46" type="stmt"/>
          <line num="57" count="50" type="stmt"/>
          <line num="60" count="588" type="stmt"/>
          <line num="62" count="852" type="stmt"/>
          <line num="63" count="852" type="stmt"/>
          <line num="65" count="852" type="stmt"/>
          <line num="66" count="852" type="stmt"/>
          <line num="67" count="13300" type="stmt"/>
          <line num="68" count="852" type="stmt"/>
          <line num="69" count="852" type="stmt"/>
          <line num="71" count="852" type="stmt"/>
          <line num="74" count="4" type="stmt"/>
          <line num="78" count="2" type="stmt"/>
          <line num="79" count="2" type="stmt"/>
          <line num="80" count="77" type="stmt"/>
          <line num="85" count="2" type="stmt"/>
          <line num="86" count="415" type="stmt"/>
          <line num="88" count="2" type="stmt"/>
          <line num="92" count="2" type="stmt"/>
          <line num="94" count="2" type="stmt"/>
          <line num="95" count="25" type="cond" truecount="2" falsecount="0"/>
          <line num="96" count="22" type="stmt"/>
          <line num="97" count="5091" type="stmt"/>
          <line num="98" count="22" type="stmt"/>
          <line num="99" count="22" type="stmt"/>
          <line num="101" count="3" type="stmt"/>
          <line num="104" count="2" type="stmt"/>
          <line num="105" count="79" type="stmt"/>
          <line num="110" count="2" type="stmt"/>
          <line num="114" count="0" type="stmt"/>
          <line num="115" count="0" type="stmt"/>
          <line num="118" count="1" type="cond" truecount="1" falsecount="1"/>
          <line num="119" count="0" type="stmt"/>
          <line num="122" count="1" type="stmt"/>
        </file>
      </package>
      <package name="day05">
        <metrics statements="32" coveredstatements="29" conditionals="4" coveredconditionals="3" methods="9" coveredmethods="8"/>
        <file name="solve.js" path="/home/willis/Dropbox/Willis/DevProjects/adventofcode/2018/day05/solve.js">
          <metrics statements="32" coveredstatements="29" conditionals="4" coveredconditionals="3" methods="9" coveredmethods="8"/>
          <line num="1" count="1" type="stmt"/>
          <line num="3" count="1" type="stmt"/>
          <line num="7" count="2" type="stmt"/>
          <line num="8" count="2" type="stmt"/>
          <line num="11" count="218714212" type="stmt"/>
          <line num="15" count="56" type="stmt"/>
          <line num="16" count="56" type="stmt"/>
          <line num="17" count="42861" type="stmt"/>
          <line num="18" count="42861" type="stmt"/>
          <line num="19" count="218714212" type="cond" truecount="2" falsecount="0"/>
          <line num="20" count="42805" type="stmt"/>
          <line num="21" count="42805" type="stmt"/>
          <line num="22" count="42805" type="stmt"/>
          <line num="26" count="56" type="stmt"/>
          <line num="30" count="2" type="stmt"/>
          <line num="31" count="2" type="stmt"/>
          <line num="32" count="2" type="stmt"/>
          <line num="36" count="2" type="stmt"/>
          <line num="37" count="2" type="stmt"/>
          <line num="38" count="2" type="stmt"/>
          <line num="39" count="2" type="stmt"/>
          <line num="40" count="52" type="stmt"/>
          <line num="42" count="2" type="stmt"/>
          <line num="43" count="269828" type="stmt"/>
          <line num="45" count="52" type="stmt"/>
          <line num="47" count="170" type="stmt"/>
          <line num="48" count="2" type="stmt"/>
          <line num="52" count="0" type="stmt"/>
          <line num="53" count="0" type="stmt"/>
          <line num="56" count="1" type="cond" truecount="1" falsecount="1"/>
          <line num="57" count="0" type="stmt"/>
          <line num="60" count="1" type="stmt"/>
        </file>
      </package>
    </metrics>
  </project>
</coverage>
