{"/home/willis/Dropbox/Willis/DevProjects/adventofcode/2018/day01/solve.js": {"path":"/home/willis/Dropbox/Willis/DevProjects/adventofcode/2018/day01/solve.js","statementMap":{"0":{"start":{"line":1,"column":11},"end":{"line":1,"column":24}},"1":{"start":{"line":3,"column":17},"end":{"line":8,"column":28}},"2":{"start":{"line":7,"column":12},"end":{"line":7,"column":32}},"3":{"start":{"line":8,"column":15},"end":{"line":8,"column":27}},"4":{"start":{"line":11,"column":2},"end":{"line":11,"column":64}},"5":{"start":{"line":11,"column":39},"end":{"line":11,"column":59}},"6":{"start":{"line":15,"column":14},"end":{"line":15,"column":15}},"7":{"start":{"line":16,"column":13},"end":{"line":16,"column":22}},"8":{"start":{"line":18,"column":2},"end":{"line":26,"column":3}},"9":{"start":{"line":19,"column":4},"end":{"line":25,"column":5}},"10":{"start":{"line":20,"column":6},"end":{"line":20,"column":22}},"11":{"start":{"line":21,"column":6},"end":{"line":21,"column":28}},"12":{"start":{"line":22,"column":6},"end":{"line":24,"column":7}},"13":{"start":{"line":23,"column":8},"end":{"line":23,"column":21}},"14":{"start":{"line":30,"column":2},"end":{"line":30,"column":44}},"15":{"start":{"line":31,"column":2},"end":{"line":31,"column":44}},"16":{"start":{"line":34,"column":0},"end":{"line":36,"column":1}},"17":{"start":{"line":35,"column":2},"end":{"line":35,"column":10}},"18":{"start":{"line":38,"column":0},"end":{"line":38,"column":48}}},"fnMap":{"0":{"name":"(anonymous_0)","decl":{"start":{"line":7,"column":7},"end":{"line":7,"column":8}},"loc":{"start":{"line":7,"column":12},"end":{"line":7,"column":32}},"line":7},"1":{"name":"(anonymous_1)","decl":{"start":{"line":8,"column":10},"end":{"line":8,"column":11}},"loc":{"start":{"line":8,"column":15},"end":{"line":8,"column":27}},"line":8},"2":{"name":"partA","decl":{"start":{"line":10,"column":9},"end":{"line":10,"column":14}},"loc":{"start":{"line":10,"column":22},"end":{"line":12,"column":1}},"line":10},"3":{"name":"(anonymous_3)","decl":{"start":{"line":11,"column":22},"end":{"line":11,"column":23}},"loc":{"start":{"line":11,"column":39},"end":{"line":11,"column":59}},"line":11},"4":{"name":"partB","decl":{"start":{"line":14,"column":9},"end":{"line":14,"column":14}},"loc":{"start":{"line":14,"column":22},"end":{"line":27,"column":1}},"line":14},"5":{"name":"solve","decl":{"start":{"line":29,"column":9},"end":{"line":29,"column":14}},"loc":{"start":{"line":29,"column":17},"end":{"line":32,"column":1}},"line":29}},"branchMap":{"0":{"loc":{"start":{"line":22,"column":6},"end":{"line":24,"column":7}},"type":"if","locations":[{"start":{"line":22,"column":6},"end":{"line":24,"column":7}},{"start":{"line":22,"column":6},"end":{"line":24,"column":7}}],"line":22},"1":{"loc":{"start":{"line":34,"column":0},"end":{"line":36,"column":1}},"type":"if","locations":[{"start":{"line":34,"column":0},"end":{"line":36,"column":1}},{"start":{"line":34,"column":0},"end":{"line":36,"column":1}}],"line":34}},"s":{"0":1,"1":1,"2":1030,"3":1030,"4":4,"5":1038,"6":5,"7":5,"8":5,"9":147,"10":141241,"11":141241,"12":141241,"13":5,"14":0,"15":0,"16":1,"17":0,"18":1},"f":{"0":1030,"1":1030,"2":4,"3":1038,"4":5,"5":0},"b":{"0":[5,141236],"1":[0,1]},"_coverageSchema":"332fd63041d2c1bcb487cc26dd0d5f7d97098a6c","hash":"80e285332af21defcfb7251e77dcbb33f5a3426e"}
,"/home/willis/Dropbox/Willis/DevProjects/adventofcode/2018/day02/solve.js": {"path":"/home/willis/Dropbox/Willis/DevProjects/adventofcode/2018/day02/solve.js","statementMap":{"0":{"start":{"line":1,"column":11},"end":{"line":1,"column":24}},"1":{"start":{"line":3,"column":14},"end":{"line":8,"column":28}},"2":{"start":{"line":7,"column":12},"end":{"line":7,"column":32}},"3":{"start":{"line":8,"column":15},"end":{"line":8,"column":27}},"4":{"start":{"line":11,"column":17},"end":{"line":14,"column":8}},"5":{"start":{"line":12,"column":4},"end":{"line":12,"column":58}},"6":{"start":{"line":13,"column":4},"end":{"line":13,"column":17}},"7":{"start":{"line":15,"column":2},"end":{"line":18,"column":4}},"8":{"start":{"line":22,"column":15},"end":{"line":22,"column":37}},"9":{"start":{"line":23,"column":2},"end":{"line":27,"column":5}},"10":{"start":{"line":24,"column":17},"end":{"line":24,"column":28}},"11":{"start":{"line":25,"column":4},"end":{"line":25,"column":35}},"12":{"start":{"line":26,"column":4},"end":{"line":26,"column":31}},"13":{"start":{"line":28,"column":2},"end":{"line":28,"column":37}},"14":{"start":{"line":32,"column":2},"end":{"line":35,"column":3}},"15":{"start":{"line":33,"column":4},"end":{"line":33,"column":55}},"16":{"start":{"line":34,"column":4},"end":{"line":34,"column":14}},"17":{"start":{"line":36,"column":17},"end":{"line":36,"column":18}},"18":{"start":{"line":37,"column":2},"end":{"line":41,"column":3}},"19":{"start":{"line":38,"column":4},"end":{"line":40,"column":5}},"20":{"start":{"line":39,"column":6},"end":{"line":39,"column":20}},"21":{"start":{"line":42,"column":2},"end":{"line":42,"column":18}},"22":{"start":{"line":45,"column":14},"end":{"line":49,"column":3}},"23":{"start":{"line":46,"column":2},"end":{"line":49,"column":3}},"24":{"start":{"line":47,"column":19},"end":{"line":47,"column":66}},"25":{"start":{"line":47,"column":58},"end":{"line":47,"column":64}},"26":{"start":{"line":52,"column":14},"end":{"line":52,"column":16}},"27":{"start":{"line":53,"column":2},"end":{"line":57,"column":5}},"28":{"start":{"line":54,"column":4},"end":{"line":56,"column":5}},"29":{"start":{"line":55,"column":6},"end":{"line":55,"column":19}},"30":{"start":{"line":58,"column":15},"end":{"line":58,"column":17}},"31":{"start":{"line":59,"column":2},"end":{"line":63,"column":3}},"32":{"start":{"line":60,"column":4},"end":{"line":62,"column":5}},"33":{"start":{"line":61,"column":6},"end":{"line":61,"column":28}},"34":{"start":{"line":64,"column":2},"end":{"line":64,"column":16}},"35":{"start":{"line":68,"column":2},"end":{"line":68,"column":41}},"36":{"start":{"line":69,"column":2},"end":{"line":69,"column":41}},"37":{"start":{"line":72,"column":0},"end":{"line":74,"column":1}},"38":{"start":{"line":73,"column":2},"end":{"line":73,"column":10}},"39":{"start":{"line":76,"column":0},"end":{"line":76,"column":48}}},"fnMap":{"0":{"name":"(anonymous_0)","decl":{"start":{"line":7,"column":7},"end":{"line":7,"column":8}},"loc":{"start":{"line":7,"column":12},"end":{"line":7,"column":32}},"line":7},"1":{"name":"(anonymous_1)","decl":{"start":{"line":8,"column":10},"end":{"line":8,"column":11}},"loc":{"start":{"line":8,"column":15},"end":{"line":8,"column":27}},"line":8},"2":{"name":"count","decl":{"start":{"line":10,"column":9},"end":{"line":10,"column":14}},"loc":{"start":{"line":10,"column":21},"end":{"line":19,"column":1}},"line":10},"3":{"name":"(anonymous_3)","decl":{"start":{"line":11,"column":39},"end":{"line":11,"column":40}},"loc":{"start":{"line":11,"column":58},"end":{"line":14,"column":3}},"line":11},"4":{"name":"partA","decl":{"start":{"line":21,"column":9},"end":{"line":21,"column":14}},"loc":{"start":{"line":21,"column":22},"end":{"line":29,"column":1}},"line":21},"5":{"name":"(anonymous_5)","decl":{"start":{"line":23,"column":16},"end":{"line":23,"column":17}},"loc":{"start":{"line":23,"column":24},"end":{"line":27,"column":3}},"line":23},"6":{"name":"hDistance","decl":{"start":{"line":31,"column":9},"end":{"line":31,"column":18}},"loc":{"start":{"line":31,"column":33},"end":{"line":43,"column":1}},"line":31},"7":{"name":"(anonymous_7)","decl":{"start":{"line":45,"column":14},"end":{"line":45,"column":15}},"loc":{"start":{"line":46,"column":2},"end":{"line":49,"column":3}},"line":46},"8":{"name":"(anonymous_8)","decl":{"start":{"line":47,"column":4},"end":{"line":47,"column":5}},"loc":{"start":{"line":47,"column":19},"end":{"line":47,"column":66}},"line":47},"9":{"name":"(anonymous_9)","decl":{"start":{"line":47,"column":53},"end":{"line":47,"column":54}},"loc":{"start":{"line":47,"column":58},"end":{"line":47,"column":64}},"line":47},"10":{"name":"partB","decl":{"start":{"line":51,"column":9},"end":{"line":51,"column":14}},"loc":{"start":{"line":51,"column":22},"end":{"line":65,"column":1}},"line":51},"11":{"name":"(anonymous_11)","decl":{"start":{"line":53,"column":23},"end":{"line":53,"column":24}},"loc":{"start":{"line":53,"column":31},"end":{"line":57,"column":3}},"line":53},"12":{"name":"solve","decl":{"start":{"line":67,"column":9},"end":{"line":67,"column":14}},"loc":{"start":{"line":67,"column":17},"end":{"line":70,"column":1}},"line":67}},"branchMap":{"0":{"loc":{"start":{"line":12,"column":4},"end":{"line":12,"column":57}},"type":"cond-expr","locations":[{"start":{"line":12,"column":20},"end":{"line":12,"column":35}},{"start":{"line":12,"column":39},"end":{"line":12,"column":56}}],"line":12},"1":{"loc":{"start":{"line":32,"column":2},"end":{"line":35,"column":3}},"type":"if","locations":[{"start":{"line":32,"column":2},"end":{"line":35,"column":3}},{"start":{"line":32,"column":2},"end":{"line":35,"column":3}}],"line":32},"2":{"loc":{"start":{"line":38,"column":4},"end":{"line":40,"column":5}},"type":"if","locations":[{"start":{"line":38,"column":4},"end":{"line":40,"column":5}},{"start":{"line":38,"column":4},"end":{"line":40,"column":5}}],"line":38},"3":{"loc":{"start":{"line":54,"column":4},"end":{"line":56,"column":5}},"type":"if","locations":[{"start":{"line":54,"column":4},"end":{"line":56,"column":5}},{"start":{"line":54,"column":4},"end":{"line":56,"column":5}}],"line":54},"4":{"loc":{"start":{"line":60,"column":4},"end":{"line":62,"column":5}},"type":"if","locations":[{"start":{"line":60,"column":4},"end":{"line":62,"column":5}},{"start":{"line":60,"column":4},"end":{"line":62,"column":5}}],"line":60},"5":{"loc":{"start":{"line":72,"column":0},"end":{"line":74,"column":1}},"type":"if","locations":[{"start":{"line":72,"column":0},"end":{"line":74,"column":1}},{"start":{"line":72,"column":0},"end":{"line":74,"column":1}}],"line":72}},"s":{"0":1,"1":1,"2":251,"3":251,"4":257,"5":6542,"6":6542,"7":257,"8":2,"9":2,"10":257,"11":257,"12":257,"13":2,"14":31146,"15":0,"16":0,"17":31146,"18":31146,"19":809355,"20":175709,"21":31146,"22":1,"23":2,"24":257,"25":31146,"26":2,"27":2,"28":31146,"29":2,"30":2,"31":2,"32":31,"33":29,"34":2,"35":0,"36":0,"37":1,"38":0,"39":1},"f":{"0":251,"1":251,"2":257,"3":6542,"4":2,"5":257,"6":31146,"7":2,"8":257,"9":31146,"10":2,"11":31146,"12":0},"b":{"0":[698,5844],"1":[0,31146],"2":[175709,633646],"3":[2,31144],"4":[29,2],"5":[0,1]},"_coverageSchema":"332fd63041d2c1bcb487cc26dd0d5f7d97098a6c","hash":"cfb13b76464c909b874ac722e6bc1aa2c746a559"}
,"/home/willis/Dropbox/Willis/DevProjects/adventofcode/2018/day03/solve.js": {"path":"/home/willis/Dropbox/Willis/DevProjects/adventofcode/2018/day03/solve.js","statementMap":{"0":{"start":{"line":1,"column":11},"end":{"line":1,"column":24}},"1":{"start":{"line":3,"column":14},"end":{"line":8,"column":28}},"2":{"start":{"line":7,"column":12},"end":{"line":7,"column":32}},"3":{"start":{"line":8,"column":15},"end":{"line":8,"column":27}},"4":{"start":{"line":13,"column":15},"end":{"line":13,"column":27}},"5":{"start":{"line":15,"column":2},"end":{"line":27,"column":3}},"6":{"start":{"line":16,"column":32},"end":{"line":16,"column":47}},"7":{"start":{"line":17,"column":27},"end":{"line":20,"column":18}},"8":{"start":{"line":21,"column":26},"end":{"line":21,"column":53}},"9":{"start":{"line":22,"column":4},"end":{"line":26,"column":5}},"10":{"start":{"line":23,"column":6},"end":{"line":25,"column":7}},"11":{"start":{"line":24,"column":8},"end":{"line":24,"column":61}},"12":{"start":{"line":28,"column":2},"end":{"line":28,"column":57}},"13":{"start":{"line":28,"column":43},"end":{"line":28,"column":48}},"14":{"start":{"line":32,"column":15},"end":{"line":32,"column":27}},"15":{"start":{"line":33,"column":15},"end":{"line":33,"column":27}},"16":{"start":{"line":35,"column":2},"end":{"line":52,"column":3}},"17":{"start":{"line":36,"column":32},"end":{"line":36,"column":47}},"18":{"start":{"line":37,"column":27},"end":{"line":40,"column":18}},"19":{"start":{"line":41,"column":26},"end":{"line":41,"column":53}},"20":{"start":{"line":42,"column":4},"end":{"line":42,"column":22}},"21":{"start":{"line":43,"column":4},"end":{"line":51,"column":5}},"22":{"start":{"line":44,"column":6},"end":{"line":50,"column":7}},"23":{"start":{"line":45,"column":8},"end":{"line":48,"column":9}},"24":{"start":{"line":46,"column":10},"end":{"line":46,"column":46}},"25":{"start":{"line":47,"column":10},"end":{"line":47,"column":29}},"26":{"start":{"line":49,"column":8},"end":{"line":49,"column":33}},"27":{"start":{"line":53,"column":2},"end":{"line":59,"column":4}},"28":{"start":{"line":55,"column":19},"end":{"line":55,"column":23}},"29":{"start":{"line":63,"column":2},"end":{"line":63,"column":41}},"30":{"start":{"line":64,"column":2},"end":{"line":64,"column":41}},"31":{"start":{"line":67,"column":0},"end":{"line":69,"column":1}},"32":{"start":{"line":68,"column":2},"end":{"line":68,"column":10}},"33":{"start":{"line":71,"column":0},"end":{"line":71,"column":48}}},"fnMap":{"0":{"name":"(anonymous_0)","decl":{"start":{"line":7,"column":7},"end":{"line":7,"column":8}},"loc":{"start":{"line":7,"column":12},"end":{"line":7,"column":32}},"line":7},"1":{"name":"(anonymous_1)","decl":{"start":{"line":8,"column":10},"end":{"line":8,"column":11}},"loc":{"start":{"line":8,"column":15},"end":{"line":8,"column":27}},"line":8},"2":{"name":"partA","decl":{"start":{"line":12,"column":9},"end":{"line":12,"column":14}},"loc":{"start":{"line":12,"column":22},"end":{"line":29,"column":1}},"line":12},"3":{"name":"(anonymous_3)","decl":{"start":{"line":28,"column":38},"end":{"line":28,"column":39}},"loc":{"start":{"line":28,"column":43},"end":{"line":28,"column":48}},"line":28},"4":{"name":"partB","decl":{"start":{"line":31,"column":9},"end":{"line":31,"column":14}},"loc":{"start":{"line":31,"column":22},"end":{"line":60,"column":1}},"line":31},"5":{"name":"(anonymous_5)","decl":{"start":{"line":55,"column":14},"end":{"line":55,"column":15}},"loc":{"start":{"line":55,"column":19},"end":{"line":55,"column":23}},"line":55},"6":{"name":"solve","decl":{"start":{"line":62,"column":9},"end":{"line":62,"column":14}},"loc":{"start":{"line":62,"column":17},"end":{"line":65,"column":1}},"line":62}},"branchMap":{"0":{"loc":{"start":{"line":24,"column":31},"end":{"line":24,"column":55}},"type":"binary-expr","locations":[{"start":{"line":24,"column":31},"end":{"line":24,"column":50}},{"start":{"line":24,"column":54},"end":{"line":24,"column":55}}],"line":24},"1":{"loc":{"start":{"line":45,"column":8},"end":{"line":48,"column":9}},"type":"if","locations":[{"start":{"line":45,"column":8},"end":{"line":48,"column":9}},{"start":{"line":45,"column":8},"end":{"line":48,"column":9}}],"line":45},"2":{"loc":{"start":{"line":67,"column":0},"end":{"line":69,"column":1}},"type":"if","locations":[{"start":{"line":67,"column":0},"end":{"line":69,"column":1}},{"start":{"line":67,"column":0},"end":{"line":69,"column":1}}],"line":67}},"s":{"0":1,"1":1,"2":1386,"3":1386,"4":2,"5":2,"6":1388,"7":1388,"8":1388,"9":1388,"10":26312,"11":509735,"12":2,"13":356370,"14":2,"15":2,"16":2,"17":1388,"18":1388,"19":1388,"20":1388,"21":1388,"22":26312,"23":509735,"24":153365,"25":153365,"26":509735,"27":2,"28":1388,"29":0,"30":0,"31":1,"32":0,"33":1},"f":{"0":1386,"1":1386,"2":2,"3":356370,"4":2,"5":1388,"6":0},"b":{"0":[509735,356370],"1":[153365,356370],"2":[0,1]},"_coverageSchema":"332fd63041d2c1bcb487cc26dd0d5f7d97098a6c","hash":"7456ce487d61c6dc346ee423fe14e3baff48df70"}
,"/home/willis/Dropbox/Willis/DevProjects/adventofcode/2018/day04/solve.js": {"path":"/home/willis/Dropbox/Willis/DevProjects/adventofcode/2018/day04/solve.js","statementMap":{"0":{"start":{"line":1,"column":11},"end":{"line":1,"column":24}},"1":{"start":{"line":3,"column":14},"end":{"line":8,"column":28}},"2":{"start":{"line":7,"column":12},"end":{"line":7,"column":32}},"3":{"start":{"line":8,"column":15},"end":{"line":8,"column":27}},"4":{"start":{"line":11,"column":2},"end":{"line":11,"column":78}},"5":{"start":{"line":11,"column":38},"end":{"line":11,"column":76}},"6":{"start":{"line":11,"column":60},"end":{"line":11,"column":67}},"7":{"start":{"line":15,"column":12},"end":{"line":15,"column":14}},"8":{"start":{"line":16,"column":2},"end":{"line":18,"column":3}},"9":{"start":{"line":17,"column":4},"end":{"line":17,"column":16}},"10":{"start":{"line":19,"column":2},"end":{"line":19,"column":13}},"11":{"start":{"line":23,"column":2},"end":{"line":25,"column":5}},"12":{"start":{"line":24,"column":4},"end":{"line":24,"column":63}},"13":{"start":{"line":26,"column":2},"end":{"line":26,"column":15}},"14":{"start":{"line":30,"column":2},"end":{"line":30,"column":26}},"15":{"start":{"line":32,"column":17},"end":{"line":32,"column":31}},"16":{"start":{"line":34,"column":14},"end":{"line":34,"column":16}},"17":{"start":{"line":36,"column":16},"end":{"line":36,"column":34}},"18":{"start":{"line":38,"column":2},"end":{"line":73,"column":3}},"19":{"start":{"line":39,"column":30},"end":{"line":39,"column":46}},"20":{"start":{"line":40,"column":17},"end":{"line":40,"column":54}},"21":{"start":{"line":41,"column":17},"end":{"line":41,"column":39}},"22":{"start":{"line":42,"column":31},"end":{"line":42,"column":64}},"23":{"start":{"line":44,"column":4},"end":{"line":72,"column":5}},"24":{"start":{"line":46,"column":17},"end":{"line":46,"column":40}},"25":{"start":{"line":47,"column":8},"end":{"line":59,"column":9}},"26":{"start":{"line":49,"column":15},"end":{"line":59,"column":9}},"27":{"start":{"line":51,"column":10},"end":{"line":51,"column":44}},"28":{"start":{"line":52,"column":10},"end":{"line":52,"column":38}},"29":{"start":{"line":54,"column":10},"end":{"line":56,"column":11}},"30":{"start":{"line":55,"column":12},"end":{"line":55,"column":46}},"31":{"start":{"line":57,"column":10},"end":{"line":57,"column":40}},"32":{"start":{"line":60,"column":8},"end":{"line":60,"column":14}},"33":{"start":{"line":62,"column":8},"end":{"line":62,"column":29}},"34":{"start":{"line":63,"column":8},"end":{"line":63,"column":14}},"35":{"start":{"line":65,"column":8},"end":{"line":65,"column":29}},"36":{"start":{"line":66,"column":21},"end":{"line":66,"column":56}},"37":{"start":{"line":67,"column":8},"end":{"line":67,"column":63}},"38":{"start":{"line":67,"column":31},"end":{"line":67,"column":61}},"39":{"start":{"line":68,"column":8},"end":{"line":68,"column":27}},"40":{"start":{"line":69,"column":8},"end":{"line":69,"column":27}},"41":{"start":{"line":71,"column":8},"end":{"line":71,"column":14}},"42":{"start":{"line":74,"column":2},"end":{"line":74,"column":18}},"43":{"start":{"line":78,"column":17},"end":{"line":78,"column":38}},"44":{"start":{"line":79,"column":18},"end":{"line":84,"column":7}},"45":{"start":{"line":80,"column":4},"end":{"line":83,"column":6}},"46":{"start":{"line":85,"column":16},"end":{"line":85,"column":55}},"47":{"start":{"line":86,"column":2},"end":{"line":86,"column":48}},"48":{"start":{"line":86,"column":35},"end":{"line":86,"column":46}},"49":{"start":{"line":88,"column":2},"end":{"line":88,"column":35}},"50":{"start":{"line":92,"column":17},"end":{"line":92,"column":38}},"51":{"start":{"line":94,"column":2},"end":{"line":103,"column":3}},"52":{"start":{"line":95,"column":4},"end":{"line":102,"column":5}},"53":{"start":{"line":96,"column":20},"end":{"line":96,"column":55}},"54":{"start":{"line":97,"column":6},"end":{"line":97,"column":52}},"55":{"start":{"line":97,"column":39},"end":{"line":97,"column":50}},"56":{"start":{"line":98,"column":19},"end":{"line":98,"column":29}},"57":{"start":{"line":99,"column":6},"end":{"line":99,"column":54}},"58":{"start":{"line":101,"column":6},"end":{"line":101,"column":54}},"59":{"start":{"line":104,"column":18},"end":{"line":109,"column":7}},"60":{"start":{"line":105,"column":4},"end":{"line":108,"column":6}},"61":{"start":{"line":110,"column":2},"end":{"line":110,"column":67}},"62":{"start":{"line":114,"column":2},"end":{"line":114,"column":41}},"63":{"start":{"line":115,"column":2},"end":{"line":115,"column":41}},"64":{"start":{"line":118,"column":0},"end":{"line":120,"column":1}},"65":{"start":{"line":119,"column":2},"end":{"line":119,"column":10}},"66":{"start":{"line":122,"column":0},"end":{"line":122,"column":48}}},"fnMap":{"0":{"name":"(anonymous_0)","decl":{"start":{"line":7,"column":7},"end":{"line":7,"column":8}},"loc":{"start":{"line":7,"column":12},"end":{"line":7,"column":32}},"line":7},"1":{"name":"(anonymous_1)","decl":{"start":{"line":8,"column":10},"end":{"line":8,"column":11}},"loc":{"start":{"line":8,"column":15},"end":{"line":8,"column":27}},"line":8},"2":{"name":"count","decl":{"start":{"line":10,"column":9},"end":{"line":10,"column":14}},"loc":{"start":{"line":10,"column":22},"end":{"line":12,"column":1}},"line":10},"3":{"name":"(anonymous_3)","decl":{"start":{"line":11,"column":33},"end":{"line":11,"column":34}},"loc":{"start":{"line":11,"column":38},"end":{"line":11,"column":76}},"line":11},"4":{"name":"(anonymous_4)","decl":{"start":{"line":11,"column":55},"end":{"line":11,"column":56}},"loc":{"start":{"line":11,"column":60},"end":{"line":11,"column":67}},"line":11},"5":{"name":"range","decl":{"start":{"line":14,"column":9},"end":{"line":14,"column":14}},"loc":{"start":{"line":14,"column":27},"end":{"line":20,"column":1}},"line":14},"6":{"name":"sortDate","decl":{"start":{"line":22,"column":9},"end":{"line":22,"column":17}},"loc":{"start":{"line":22,"column":25},"end":{"line":27,"column":1}},"line":22},"7":{"name":"(anonymous_7)","decl":{"start":{"line":23,"column":13},"end":{"line":23,"column":14}},"loc":{"start":{"line":23,"column":23},"end":{"line":25,"column":3}},"line":23},"8":{"name":"createBarracks","decl":{"start":{"line":29,"column":9},"end":{"line":29,"column":23}},"loc":{"start":{"line":29,"column":31},"end":{"line":75,"column":1}},"line":29},"9":{"name":"(anonymous_9)","decl":{"start":{"line":67,"column":23},"end":{"line":67,"column":24}},"loc":{"start":{"line":67,"column":31},"end":{"line":67,"column":61}},"line":67},"10":{"name":"partA","decl":{"start":{"line":77,"column":9},"end":{"line":77,"column":14}},"loc":{"start":{"line":77,"column":22},"end":{"line":89,"column":1}},"line":77},"11":{"name":"(anonymous_11)","decl":{"start":{"line":79,"column":52},"end":{"line":79,"column":53}},"loc":{"start":{"line":79,"column":72},"end":{"line":84,"column":3}},"line":79},"12":{"name":"(anonymous_12)","decl":{"start":{"line":86,"column":25},"end":{"line":86,"column":26}},"loc":{"start":{"line":86,"column":35},"end":{"line":86,"column":46}},"line":86},"13":{"name":"partB","decl":{"start":{"line":91,"column":9},"end":{"line":91,"column":14}},"loc":{"start":{"line":91,"column":22},"end":{"line":111,"column":1}},"line":91},"14":{"name":"(anonymous_14)","decl":{"start":{"line":97,"column":29},"end":{"line":97,"column":30}},"loc":{"start":{"line":97,"column":39},"end":{"line":97,"column":50}},"line":97},"15":{"name":"(anonymous_15)","decl":{"start":{"line":104,"column":52},"end":{"line":104,"column":53}},"loc":{"start":{"line":104,"column":72},"end":{"line":109,"column":3}},"line":104},"16":{"name":"solve","decl":{"start":{"line":113,"column":9},"end":{"line":113,"column":14}},"loc":{"start":{"line":113,"column":17},"end":{"line":116,"column":1}},"line":113}},"branchMap":{"0":{"loc":{"start":{"line":44,"column":4},"end":{"line":72,"column":5}},"type":"switch","locations":[{"start":{"line":45,"column":6},"end":{"line":60,"column":14}},{"start":{"line":61,"column":6},"end":{"line":63,"column":14}},{"start":{"line":64,"column":6},"end":{"line":71,"column":14}}],"line":44},"1":{"loc":{"start":{"line":47,"column":8},"end":{"line":59,"column":9}},"type":"if","locations":[{"start":{"line":47,"column":8},"end":{"line":59,"column":9}},{"start":{"line":47,"column":8},"end":{"line":59,"column":9}}],"line":47},"2":{"loc":{"start":{"line":49,"column":15},"end":{"line":59,"column":9}},"type":"if","locations":[{"start":{"line":49,"column":15},"end":{"line":59,"column":9}},{"start":{"line":49,"column":15},"end":{"line":59,"column":9}}],"line":49},"3":{"loc":{"start":{"line":54,"column":10},"end":{"line":56,"column":11}},"type":"if","locations":[{"start":{"line":54,"column":10},"end":{"line":56,"column":11}},{"start":{"line":54,"column":10},"end":{"line":56,"column":11}}],"line":54},"4":{"loc":{"start":{"line":95,"column":4},"end":{"line":102,"column":5}},"type":"if","locations":[{"start":{"line":95,"column":4},"end":{"line":102,"column":5}},{"start":{"line":95,"column":4},"end":{"line":102,"column":5}}],"line":95},"5":{"loc":{"start":{"line":118,"column":0},"end":{"line":120,"column":1}},"type":"if","locations":[{"start":{"line":118,"column":0},"end":{"line":120,"column":1}},{"start":{"line":118,"column":0},"end":{"line":120,"column":1}}],"line":118}},"s":{"0":1,"1":1,"2":1130,"3":1130,"4":24,"5":1285,"6":404711,"7":852,"8":852,"9":13300,"10":852,"11":4,"12":11146,"13":4,"14":4,"15":4,"16":4,"17":4,"18":4,"19":2292,"20":2292,"21":2292,"22":2292,"23":2292,"24":588,"25":588,"26":558,"27":508,"28":508,"29":50,"30":46,"31":50,"32":588,"33":852,"34":852,"35":852,"36":852,"37":852,"38":13300,"39":852,"40":852,"41":852,"42":4,"43":2,"44":2,"45":77,"46":2,"47":2,"48":415,"49":2,"50":2,"51":2,"52":25,"53":22,"54":22,"55":5091,"56":22,"57":22,"58":3,"59":2,"60":79,"61":2,"62":0,"63":0,"64":1,"65":0,"66":1},"f":{"0":1130,"1":1130,"2":24,"3":1285,"4":404711,"5":852,"6":4,"7":11146,"8":4,"9":13300,"10":2,"11":77,"12":415,"13":2,"14":5091,"15":79,"16":0},"b":{"0":[588,852,852],"1":[30,558],"2":[508,50],"3":[46,4],"4":[22,3],"5":[0,1]},"_coverageSchema":"332fd63041d2c1bcb487cc26dd0d5f7d97098a6c","hash":"52605a5e10aaded16150a85f54c1950072d58a4c"}
,"/home/willis/Dropbox/Willis/DevProjects/adventofcode/2018/day05/solve.js": {"path":"/home/willis/Dropbox/Willis/DevProjects/adventofcode/2018/day05/solve.js","statementMap":{"0":{"start":{"line":1,"column":11},"end":{"line":1,"column":24}},"1":{"start":{"line":3,"column":14},"end":{"line":8,"column":28}},"2":{"start":{"line":7,"column":12},"end":{"line":7,"column":32}},"3":{"start":{"line":8,"column":15},"end":{"line":8,"column":27}},"4":{"start":{"line":11,"column":2},"end":{"line":11,"column":52}},"5":{"start":{"line":15,"column":16},"end":{"line":15,"column":20}},"6":{"start":{"line":16,"column":2},"end":{"line":25,"column":3}},"7":{"start":{"line":17,"column":4},"end":{"line":17,"column":20}},"8":{"start":{"line":18,"column":4},"end":{"line":24,"column":5}},"9":{"start":{"line":19,"column":6},"end":{"line":23,"column":7}},"10":{"start":{"line":20,"column":8},"end":{"line":20,"column":27}},"11":{"start":{"line":21,"column":8},"end":{"line":21,"column":23}},"12":{"start":{"line":22,"column":8},"end":{"line":22,"column":14}},"13":{"start":{"line":26,"column":2},"end":{"line":26,"column":15}},"14":{"start":{"line":30,"column":2},"end":{"line":30,"column":29}},"15":{"start":{"line":31,"column":2},"end":{"line":31,"column":23}},"16":{"start":{"line":32,"column":2},"end":{"line":32,"column":22}},"17":{"start":{"line":36,"column":2},"end":{"line":36,"column":29}},"18":{"start":{"line":37,"column":2},"end":{"line":37,"column":23}},"19":{"start":{"line":38,"column":14},"end":{"line":38,"column":16}},"20":{"start":{"line":39,"column":2},"end":{"line":41,"column":3}},"21":{"start":{"line":40,"column":4},"end":{"line":40,"column":19}},"22":{"start":{"line":42,"column":2},"end":{"line":46,"column":3}},"23":{"start":{"line":43,"column":12},"end":{"line":44,"column":13}},"24":{"start":{"line":43,"column":36},"end":{"line":43,"column":75}},"25":{"start":{"line":45,"column":4},"end":{"line":45,"column":20}},"26":{"start":{"line":47,"column":17},"end":{"line":47,"column":74}},"27":{"start":{"line":47,"column":51},"end":{"line":47,"column":70}},"28":{"start":{"line":48,"column":2},"end":{"line":48,"column":25}},"29":{"start":{"line":52,"column":2},"end":{"line":52,"column":41}},"30":{"start":{"line":53,"column":2},"end":{"line":53,"column":41}},"31":{"start":{"line":56,"column":0},"end":{"line":58,"column":1}},"32":{"start":{"line":57,"column":2},"end":{"line":57,"column":10}},"33":{"start":{"line":60,"column":0},"end":{"line":60,"column":48}}},"fnMap":{"0":{"name":"(anonymous_0)","decl":{"start":{"line":7,"column":7},"end":{"line":7,"column":8}},"loc":{"start":{"line":7,"column":12},"end":{"line":7,"column":32}},"line":7},"1":{"name":"(anonymous_1)","decl":{"start":{"line":8,"column":10},"end":{"line":8,"column":11}},"loc":{"start":{"line":8,"column":15},"end":{"line":8,"column":27}},"line":8},"2":{"name":"paired","decl":{"start":{"line":10,"column":9},"end":{"line":10,"column":15}},"loc":{"start":{"line":10,"column":22},"end":{"line":12,"column":1}},"line":10},"3":{"name":"react","decl":{"start":{"line":14,"column":9},"end":{"line":14,"column":14}},"loc":{"start":{"line":14,"column":22},"end":{"line":27,"column":1}},"line":14},"4":{"name":"partA","decl":{"start":{"line":29,"column":9},"end":{"line":29,"column":14}},"loc":{"start":{"line":29,"column":22},"end":{"line":33,"column":1}},"line":29},"5":{"name":"partB","decl":{"start":{"line":35,"column":9},"end":{"line":35,"column":14}},"loc":{"start":{"line":35,"column":22},"end":{"line":49,"column":1}},"line":35},"6":{"name":"(anonymous_6)","decl":{"start":{"line":43,"column":31},"end":{"line":43,"column":32}},"loc":{"start":{"line":43,"column":36},"end":{"line":43,"column":75}},"line":43},"7":{"name":"(anonymous_7)","decl":{"start":{"line":47,"column":41},"end":{"line":47,"column":42}},"loc":{"start":{"line":47,"column":51},"end":{"line":47,"column":70}},"line":47},"8":{"name":"solve","decl":{"start":{"line":51,"column":9},"end":{"line":51,"column":14}},"loc":{"start":{"line":51,"column":17},"end":{"line":54,"column":1}},"line":51}},"branchMap":{"0":{"loc":{"start":{"line":19,"column":6},"end":{"line":23,"column":7}},"type":"if","locations":[{"start":{"line":19,"column":6},"end":{"line":23,"column":7}},{"start":{"line":19,"column":6},"end":{"line":23,"column":7}}],"line":19},"1":{"loc":{"start":{"line":56,"column":0},"end":{"line":58,"column":1}},"type":"if","locations":[{"start":{"line":56,"column":0},"end":{"line":58,"column":1}},{"start":{"line":56,"column":0},"end":{"line":58,"column":1}}],"line":56}},"s":{"0":1,"1":1,"2":2,"3":2,"4":218714212,"5":56,"6":56,"7":42861,"8":42861,"9":218714212,"10":42805,"11":42805,"12":42805,"13":56,"14":2,"15":2,"16":2,"17":2,"18":2,"19":2,"20":2,"21":52,"22":2,"23":52,"24":269828,"25":52,"26":2,"27":170,"28":2,"29":0,"30":0,"31":1,"32":0,"33":1},"f":{"0":2,"1":2,"2":218714212,"3":56,"4":2,"5":2,"6":269828,"7":170,"8":0},"b":{"0":[42805,218671407],"1":[0,1]},"_coverageSchema":"332fd63041d2c1bcb487cc26dd0d5f7d97098a6c","hash":"10628e01e3a32efc0ed21c7e3a974b9e0d696e3a"}
}
