TN:
SF:/home/willis/Dropbox/Willis/DevProjects/adventofcode/2018/day01/solve.js
FN:7,(anonymous_0)
FN:8,(anonymous_1)
FN:10,partA
FN:11,(anonymous_3)
FN:14,partB
FN:29,solve
FNF:6
FNH:5
FNDA:1030,(anonymous_0)
FNDA:1030,(anonymous_1)
FNDA:4,partA
FNDA:1038,(anonymous_3)
FNDA:5,partB
FNDA:0,solve
DA:1,1
DA:3,1
DA:7,1030
DA:8,1030
DA:11,1038
DA:15,5
DA:16,5
DA:18,5
DA:19,147
DA:20,141241
DA:21,141241
DA:22,141241
DA:23,5
DA:30,0
DA:31,0
DA:34,1
DA:35,0
DA:38,1
LF:18
LH:15
BRDA:22,0,0,5
BRDA:22,0,1,141236
BRDA:34,1,0,0
BRDA:34,1,1,1
BRF:4
BRH:3
end_of_record
TN:
SF:/home/willis/Dropbox/Willis/DevProjects/adventofcode/2018/day02/solve.js
FN:7,(anonymous_0)
FN:8,(anonymous_1)
FN:10,count
FN:11,(anonymous_3)
FN:21,partA
FN:23,(anonymous_5)
FN:31,hDistance
FN:45,(anonymous_7)
FN:47,(anonymous_8)
FN:47,(anonymous_9)
FN:51,partB
FN:53,(anonymous_11)
FN:67,solve
FNF:13
FNH:12
FNDA:251,(anonymous_0)
FNDA:251,(anonymous_1)
FNDA:257,count
FNDA:6542,(anonymous_3)
FNDA:2,partA
FNDA:257,(anonymous_5)
FNDA:31146,hDistance
FNDA:2,(anonymous_7)
FNDA:257,(anonymous_8)
FNDA:31146,(anonymous_9)
FNDA:2,partB
FNDA:31146,(anonymous_11)
FNDA:0,solve
DA:1,1
DA:3,1
DA:7,251
DA:8,251
DA:11,257
DA:12,6542
DA:13,6542
DA:15,257
DA:22,2
DA:23,2
DA:24,257
DA:25,257
DA:26,257
DA:28,2
DA:32,31146
DA:33,0
DA:34,0
DA:36,31146
DA:37,31146
DA:38,809355
DA:39,175709
DA:42,31146
DA:45,1
DA:46,2
DA:47,31146
DA:52,2
DA:53,2
DA:54,31146
DA:55,2
DA:58,2
DA:59,2
DA:60,31
DA:61,29
DA:64,2
DA:68,0
DA:69,0
DA:72,1
DA:73,0
DA:76,1
LF:39
LH:34
BRDA:12,0,0,698
BRDA:12,0,1,5844
BRDA:32,1,0,0
BRDA:32,1,1,31146
BRDA:38,2,0,175709
BRDA:38,2,1,633646
BRDA:54,3,0,2
BRDA:54,3,1,31144
BRDA:60,4,0,29
BRDA:60,4,1,2
BRDA:72,5,0,0
BRDA:72,5,1,1
BRF:12
BRH:10
end_of_record
TN:
SF:/home/willis/Dropbox/Willis/DevProjects/adventofcode/2018/day03/solve.js
FN:7,(anonymous_0)
FN:8,(anonymous_1)
FN:12,partA
FN:28,(anonymous_3)
FN:31,partB
FN:55,(anonymous_5)
FN:62,solve
FNF:7
FNH:6
FNDA:1386,(anonymous_0)
FNDA:1386,(anonymous_1)
FNDA:2,partA
FNDA:356370,(anonymous_3)
FNDA:2,partB
FNDA:1388,(anonymous_5)
FNDA:0,solve
DA:1,1
DA:3,1
DA:7,1386
DA:8,1386
DA:13,2
DA:15,2
DA:16,1388
DA:17,1388
DA:21,1388
DA:22,1388
DA:23,26312
DA:24,509735
DA:28,356370
DA:32,2
DA:33,2
DA:35,2
DA:36,1388
DA:37,1388
DA:41,1388
DA:42,1388
DA:43,1388
DA:44,26312
DA:45,509735
DA:46,153365
DA:47,153365
DA:49,509735
DA:53,2
DA:55,1388
DA:63,0
DA:64,0
DA:67,1
DA:68,0
DA:71,1
LF:33
LH:30
BRDA:24,0,0,509735
BRDA:24,0,1,356370
BRDA:45,1,0,153365
BRDA:45,1,1,356370
BRDA:67,2,0,0
BRDA:67,2,1,1
BRF:6
BRH:5
end_of_record
TN:
SF:/home/willis/Dropbox/Willis/DevProjects/adventofcode/2018/day04/solve.js
FN:7,(anonymous_0)
FN:8,(anonymous_1)
FN:10,count
FN:11,(anonymous_3)
FN:11,(anonymous_4)
FN:14,range
FN:22,sortDate
FN:23,(anonymous_7)
FN:29,createBarracks
FN:67,(anonymous_9)
FN:77,partA
FN:79,(anonymous_11)
FN:86,(anonymous_12)
FN:91,partB
FN:97,(anonymous_14)
FN:104,(anonymous_15)
FN:113,solve
FNF:17
FNH:16
FNDA:1130,(anonymous_0)
FNDA:1130,(anonymous_1)
FNDA:24,count
FNDA:1285,(anonymous_3)
FNDA:404711,(anonymous_4)
FNDA:852,range
FNDA:4,sortDate
FNDA:11146,(anonymous_7)
FNDA:4,createBarracks
FNDA:13300,(anonymous_9)
FNDA:2,partA
FNDA:77,(anonymous_11)
FNDA:415,(anonymous_12)
FNDA:2,partB
FNDA:5091,(anonymous_14)
FNDA:79,(anonymous_15)
FNDA:0,solve
DA:1,1
DA:3,1
DA:7,1130
DA:8,1130
DA:11,404711
DA:15,852
DA:16,852
DA:17,13300
DA:19,852
DA:23,4
DA:24,11146
DA:26,4
DA:30,4
DA:32,4
DA:34,4
DA:36,4
DA:38,4
DA:39,2292
DA:40,2292
DA:41,2292
DA:42,2292
DA:44,2292
DA:46,588
DA:47,588
DA:49,558
DA:51,508
DA:52,508
DA:54,50
DA:55,46
DA:57,50
DA:60,588
DA:62,852
DA:63,852
DA:65,852
DA:66,852
DA:67,13300
DA:68,852
DA:69,852
DA:71,852
DA:74,4
DA:78,2
DA:79,2
DA:80,77
DA:85,2
DA:86,415
DA:88,2
DA:92,2
DA:94,2
DA:95,25
DA:96,22
DA:97,5091
DA:98,22
DA:99,22
DA:101,3
DA:104,2
DA:105,79
DA:110,2
DA:114,0
DA:115,0
DA:118,1
DA:119,0
DA:122,1
LF:62
LH:59
BRDA:44,0,0,588
BRDA:44,0,1,852
BRDA:44,0,2,852
BRDA:47,1,0,30
BRDA:47,1,1,558
BRDA:49,2,0,508
BRDA:49,2,1,50
BRDA:54,3,0,46
BRDA:54,3,1,4
BRDA:95,4,0,22
BRDA:95,4,1,3
BRDA:118,5,0,0
BRDA:118,5,1,1
BRF:13
BRH:12
end_of_record
TN:
SF:/home/willis/Dropbox/Willis/DevProjects/adventofcode/2018/day05/solve.js
FN:7,(anonymous_0)
FN:8,(anonymous_1)
FN:10,paired
FN:14,react
FN:29,partA
FN:35,partB
FN:43,(anonymous_6)
FN:47,(anonymous_7)
FN:51,solve
FNF:9
FNH:8
FNDA:2,(anonymous_0)
FNDA:2,(anonymous_1)
FNDA:218714212,paired
FNDA:56,react
FNDA:2,partA
FNDA:2,partB
FNDA:269828,(anonymous_6)
FNDA:170,(anonymous_7)
FNDA:0,solve
DA:1,1
DA:3,1
DA:7,2
DA:8,2
DA:11,218714212
DA:15,56
DA:16,56
DA:17,42861
DA:18,42861
DA:19,218714212
DA:20,42805
DA:21,42805
DA:22,42805
DA:26,56
DA:30,2
DA:31,2
DA:32,2
DA:36,2
DA:37,2
DA:38,2
DA:39,2
DA:40,52
DA:42,2
DA:43,269828
DA:45,52
DA:47,170
DA:48,2
DA:52,0
DA:53,0
DA:56,1
DA:57,0
DA:60,1
LF:32
LH:29
BRDA:19,0,0,42805
BRDA:19,0,1,218671407
BRDA:56,1,0,0
BRDA:56,1,1,1
BRF:4
BRH:3
end_of_record
